Compiling the C compiler identification source file "CMakeCCompilerId.c" failed.
Compiler: /usr/bin/arm-none-eabi-gcc 
Build flags: -mthumb;-mcpu=cortex-m4;-mfpu=fpv4-sp-d16;-mfloat-abi=hard;-std=gnu99;-Os;-ffunction-sections;-fdata-sections;-MD;-Wall;-pedantic;-fsingle-precision-constant
Id flags: 

The output was:
1
/usr/bin/../lib/gcc/arm-none-eabi/6.2.1/../../../../arm-none-eabi/lib/thumb/v7e-m/fpv4-sp/hard/libc.a(lib_a-exit.o): In function `exit':
exit.c:(.text.exit+0x16): undefined reference to `_exit'
collect2: error: ld returned 1 exit status


Determining if the pthread_create exist failed with the following output:
Change Dir: /home/wesley/Sources/TUhandControl/TivaC/catkin_ws/build/ros_tivac/chatter/CMakeFiles/CMakeTmp

Run Build Command:"/usr/bin/make" "cmTC_11ba4/fast"
make[3]: Entering directory '/home/wesley/Sources/TUhandControl/TivaC/catkin_ws/build/ros_tivac/chatter/CMakeFiles/CMakeTmp'
/usr/bin/make -f CMakeFiles/cmTC_11ba4.dir/build.make CMakeFiles/cmTC_11ba4.dir/build
make[4]: Entering directory '/home/wesley/Sources/TUhandControl/TivaC/catkin_ws/build/ros_tivac/chatter/CMakeFiles/CMakeTmp'
Building C object CMakeFiles/cmTC_11ba4.dir/CheckSymbolExists.c.obj
/usr/bin/arm-none-eabi-gcc  -Dgcc -I/home/wesley/Sources/TUhandControl/TivaC/TivaWare  -mthumb -mcpu=cortex-m4 -mfpu=fpv4-sp-d16 -mfloat-abi=hard -std=gnu99 -Os -ffunction-sections -fdata-sections -MD -Wall -pedantic -fsingle-precision-constant    -o CMakeFiles/cmTC_11ba4.dir/CheckSymbolExists.c.obj   -c /home/wesley/Sources/TUhandControl/TivaC/catkin_ws/build/ros_tivac/chatter/CMakeFiles/CMakeTmp/CheckSymbolExists.c
/home/wesley/Sources/TUhandControl/TivaC/catkin_ws/build/ros_tivac/chatter/CMakeFiles/CMakeTmp/CheckSymbolExists.c: In function 'main':
/home/wesley/Sources/TUhandControl/TivaC/catkin_ws/build/ros_tivac/chatter/CMakeFiles/CMakeTmp/CheckSymbolExists.c:8:19: error: 'pthread_create' undeclared (first use in this function)
   return ((int*)(&pthread_create))[argc];
                   ^~~~~~~~~~~~~~
/home/wesley/Sources/TUhandControl/TivaC/catkin_ws/build/ros_tivac/chatter/CMakeFiles/CMakeTmp/CheckSymbolExists.c:8:19: note: each undeclared identifier is reported only once for each function it appears in
CMakeFiles/cmTC_11ba4.dir/build.make:65: recipe for target 'CMakeFiles/cmTC_11ba4.dir/CheckSymbolExists.c.obj' failed
make[4]: *** [CMakeFiles/cmTC_11ba4.dir/CheckSymbolExists.c.obj] Error 1
make[4]: Leaving directory '/home/wesley/Sources/TUhandControl/TivaC/catkin_ws/build/ros_tivac/chatter/CMakeFiles/CMakeTmp'
Makefile:126: recipe for target 'cmTC_11ba4/fast' failed
make[3]: *** [cmTC_11ba4/fast] Error 2
make[3]: Leaving directory '/home/wesley/Sources/TUhandControl/TivaC/catkin_ws/build/ros_tivac/chatter/CMakeFiles/CMakeTmp'

File /home/wesley/Sources/TUhandControl/TivaC/catkin_ws/build/ros_tivac/chatter/CMakeFiles/CMakeTmp/CheckSymbolExists.c:
/* */
#include <pthread.h>

int main(int argc, char** argv)
{
  (void)argv;
#ifndef pthread_create
  return ((int*)(&pthread_create))[argc];
#else
  (void)argc;
  return 0;
#endif
}

Determining if the function pthread_create exists in the pthreads failed with the following output:
Change Dir: /home/wesley/Sources/TUhandControl/TivaC/catkin_ws/build/ros_tivac/chatter/CMakeFiles/CMakeTmp

Run Build Command:"/usr/bin/make" "cmTC_8d9e3/fast"
make[3]: Entering directory '/home/wesley/Sources/TUhandControl/TivaC/catkin_ws/build/ros_tivac/chatter/CMakeFiles/CMakeTmp'
/usr/bin/make -f CMakeFiles/cmTC_8d9e3.dir/build.make CMakeFiles/cmTC_8d9e3.dir/build
make[4]: Entering directory '/home/wesley/Sources/TUhandControl/TivaC/catkin_ws/build/ros_tivac/chatter/CMakeFiles/CMakeTmp'
Building C object CMakeFiles/cmTC_8d9e3.dir/CheckFunctionExists.c.obj
/usr/bin/arm-none-eabi-gcc  -Dgcc -I/home/wesley/Sources/TUhandControl/TivaC/TivaWare  -mthumb -mcpu=cortex-m4 -mfpu=fpv4-sp-d16 -mfloat-abi=hard -std=gnu99 -Os -ffunction-sections -fdata-sections -MD -Wall -pedantic -fsingle-precision-constant -DCHECK_FUNCTION_EXISTS=pthread_create   -o CMakeFiles/cmTC_8d9e3.dir/CheckFunctionExists.c.obj   -c /usr/share/cmake-3.5/Modules/CheckFunctionExists.c
Linking C executable cmTC_8d9e3
/usr/bin/cmake -E cmake_link_script CMakeFiles/cmTC_8d9e3.dir/link.txt --verbose=1
/usr/bin/arm-none-eabi-gcc  -mthumb -mcpu=cortex-m4 -mfpu=fpv4-sp-d16 -mfloat-abi=hard -std=gnu99 -Os -ffunction-sections -fdata-sections -MD -Wall -pedantic -fsingle-precision-constant -DCHECK_FUNCTION_EXISTS=pthread_create  -T/opt/ros/kinetic/share/rosserial_tivac/tivac-cmake/cmake/../tm4c123g.ld -specs=/opt/ros/kinetic/share/rosserial_tivac/tivac-cmake/cmake/../tiva.specs -Wl,-Map=memmap.map  CMakeFiles/cmTC_8d9e3.dir/CheckFunctionExists.c.obj  -o cmTC_8d9e3 -lpthreads 
/usr/bin/../lib/gcc/arm-none-eabi/6.2.1/../../../../arm-none-eabi/bin/ld: cannot find -lpthreads
collect2: error: ld returned 1 exit status
CMakeFiles/cmTC_8d9e3.dir/build.make:97: recipe for target 'cmTC_8d9e3' failed
make[4]: *** [cmTC_8d9e3] Error 1
make[4]: Leaving directory '/home/wesley/Sources/TUhandControl/TivaC/catkin_ws/build/ros_tivac/chatter/CMakeFiles/CMakeTmp'
Makefile:126: recipe for target 'cmTC_8d9e3/fast' failed
make[3]: *** [cmTC_8d9e3/fast] Error 2
make[3]: Leaving directory '/home/wesley/Sources/TUhandControl/TivaC/catkin_ws/build/ros_tivac/chatter/CMakeFiles/CMakeTmp'


Determining if the function pthread_create exists in the pthread failed with the following output:
Change Dir: /home/wesley/Sources/TUhandControl/TivaC/catkin_ws/build/ros_tivac/chatter/CMakeFiles/CMakeTmp

Run Build Command:"/usr/bin/make" "cmTC_e3631/fast"
make[3]: Entering directory '/home/wesley/Sources/TUhandControl/TivaC/catkin_ws/build/ros_tivac/chatter/CMakeFiles/CMakeTmp'
/usr/bin/make -f CMakeFiles/cmTC_e3631.dir/build.make CMakeFiles/cmTC_e3631.dir/build
make[4]: Entering directory '/home/wesley/Sources/TUhandControl/TivaC/catkin_ws/build/ros_tivac/chatter/CMakeFiles/CMakeTmp'
Building C object CMakeFiles/cmTC_e3631.dir/CheckFunctionExists.c.obj
/usr/bin/arm-none-eabi-gcc  -Dgcc -I/home/wesley/Sources/TUhandControl/TivaC/TivaWare  -mthumb -mcpu=cortex-m4 -mfpu=fpv4-sp-d16 -mfloat-abi=hard -std=gnu99 -Os -ffunction-sections -fdata-sections -MD -Wall -pedantic -fsingle-precision-constant -DCHECK_FUNCTION_EXISTS=pthread_create   -o CMakeFiles/cmTC_e3631.dir/CheckFunctionExists.c.obj   -c /usr/share/cmake-3.5/Modules/CheckFunctionExists.c
Linking C executable cmTC_e3631
/usr/bin/cmake -E cmake_link_script CMakeFiles/cmTC_e3631.dir/link.txt --verbose=1
/usr/bin/arm-none-eabi-gcc  -mthumb -mcpu=cortex-m4 -mfpu=fpv4-sp-d16 -mfloat-abi=hard -std=gnu99 -Os -ffunction-sections -fdata-sections -MD -Wall -pedantic -fsingle-precision-constant -DCHECK_FUNCTION_EXISTS=pthread_create  -T/opt/ros/kinetic/share/rosserial_tivac/tivac-cmake/cmake/../tm4c123g.ld -specs=/opt/ros/kinetic/share/rosserial_tivac/tivac-cmake/cmake/../tiva.specs -Wl,-Map=memmap.map  CMakeFiles/cmTC_e3631.dir/CheckFunctionExists.c.obj  -o cmTC_e3631 -lpthread 
/usr/bin/../lib/gcc/arm-none-eabi/6.2.1/../../../../arm-none-eabi/bin/ld: cannot find -lpthread
collect2: error: ld returned 1 exit status
CMakeFiles/cmTC_e3631.dir/build.make:97: recipe for target 'cmTC_e3631' failed
make[4]: *** [cmTC_e3631] Error 1
make[4]: Leaving directory '/home/wesley/Sources/TUhandControl/TivaC/catkin_ws/build/ros_tivac/chatter/CMakeFiles/CMakeTmp'
Makefile:126: recipe for target 'cmTC_e3631/fast' failed
make[3]: *** [cmTC_e3631/fast] Error 2
make[3]: Leaving directory '/home/wesley/Sources/TUhandControl/TivaC/catkin_ws/build/ros_tivac/chatter/CMakeFiles/CMakeTmp'


Determining if compiler accepts -pthread failed with the following output:
Change Dir: /home/wesley/Sources/TUhandControl/TivaC/catkin_ws/build/ros_tivac/chatter/CMakeFiles/CMakeTmp

Run Build Command:"/usr/bin/make" "cmTC_e27fe/fast"
make[3]: Entering directory '/home/wesley/Sources/TUhandControl/TivaC/catkin_ws/build/ros_tivac/chatter/CMakeFiles/CMakeTmp'
/usr/bin/make -f CMakeFiles/cmTC_e27fe.dir/build.make CMakeFiles/cmTC_e27fe.dir/build
make[4]: Entering directory '/home/wesley/Sources/TUhandControl/TivaC/catkin_ws/build/ros_tivac/chatter/CMakeFiles/CMakeTmp'
Building C object CMakeFiles/cmTC_e27fe.dir/CheckForPthreads.c.obj
/usr/bin/arm-none-eabi-gcc  -Dgcc -I/home/wesley/Sources/TUhandControl/TivaC/TivaWare  -mthumb -mcpu=cortex-m4 -mfpu=fpv4-sp-d16 -mfloat-abi=hard -std=gnu99 -Os -ffunction-sections -fdata-sections -MD -Wall -pedantic -fsingle-precision-constant    -o CMakeFiles/cmTC_e27fe.dir/CheckForPthreads.c.obj   -c /usr/share/cmake-3.5/Modules/CheckForPthreads.c
/usr/share/cmake-3.5/Modules/CheckForPthreads.c: In function 'main':
/usr/share/cmake-3.5/Modules/CheckForPthreads.c:15:3: error: unknown type name 'pthread_t'
   pthread_t tid[2];
   ^~~~~~~~~
/usr/share/cmake-3.5/Modules/CheckForPthreads.c:16:3: warning: implicit declaration of function 'pthread_create' [-Wimplicit-function-declaration]
   pthread_create(&tid[0], 0, runner, (void*)1);
   ^~~~~~~~~~~~~~
/usr/share/cmake-3.5/Modules/CheckForPthreads.c:23:3: warning: implicit declaration of function 'pthread_join' [-Wimplicit-function-declaration]
   pthread_join(tid[0], 0);
   ^~~~~~~~~~~~
CMakeFiles/cmTC_e27fe.dir/build.make:65: recipe for target 'CMakeFiles/cmTC_e27fe.dir/CheckForPthreads.c.obj' failed
make[4]: *** [CMakeFiles/cmTC_e27fe.dir/CheckForPthreads.c.obj] Error 1
make[4]: Leaving directory '/home/wesley/Sources/TUhandControl/TivaC/catkin_ws/build/ros_tivac/chatter/CMakeFiles/CMakeTmp'
Makefile:126: recipe for target 'cmTC_e27fe/fast' failed
make[3]: *** [cmTC_e27fe/fast] Error 2
make[3]: Leaving directory '/home/wesley/Sources/TUhandControl/TivaC/catkin_ws/build/ros_tivac/chatter/CMakeFiles/CMakeTmp'


